[INFO  - 2015-01-07T10:34:58.890Z] GhostDriver - Main - running on port 45069
[INFO  - 2015-01-07T10:34:59.023Z] Session [d43fd8c0-9658-11e4-9a86-877052a48c65] - page.settings - {"XSSAuditingEnabled":false,"javascriptCanCloseWindows":true,"javascriptCanOpenWindows":true,"javascriptEnabled":true,"loadImages":true,"localToRemoteUrlAccessEnabled":false,"userAgent":"Mozilla/5.0 (Macintosh; Intel Mac OS X) AppleWebKit/534.34 (KHTML, like Gecko) PhantomJS/1.9.8 Safari/534.34","webSecurityEnabled":true}
[INFO  - 2015-01-07T10:34:59.023Z] Session [d43fd8c0-9658-11e4-9a86-877052a48c65] - page.customHeaders:  - {}
[INFO  - 2015-01-07T10:34:59.023Z] Session [d43fd8c0-9658-11e4-9a86-877052a48c65] - Session.negotiatedCapabilities - {"browserName":"phantomjs","version":"1.9.8","driverName":"ghostdriver","driverVersion":"1.1.0","platform":"mac-10.9 (Mavericks)-32bit","javascriptEnabled":true,"takesScreenshot":true,"handlesAlerts":false,"databaseEnabled":false,"locationContextEnabled":false,"applicationCacheEnabled":false,"browserConnectionEnabled":false,"cssSelectorsEnabled":true,"webStorageEnabled":false,"rotatable":false,"acceptSslCerts":false,"nativeEvents":true,"proxy":{"proxyType":"direct"}}
[INFO  - 2015-01-07T10:34:59.023Z] SessionManagerReqHand - _postNewSessionCommand - New Session Created: d43fd8c0-9658-11e4-9a86-877052a48c65
[INFO  - 2015-01-07T10:35:01.410Z] ShutdownReqHand - _handle - About to shutdown
[INFO  - 2015-01-07T10:35:11.281Z] GhostDriver - Main - running on port 27789
[INFO  - 2015-01-07T10:35:11.485Z] Session [dbad65a0-9658-11e4-a334-3db215733667] - page.settings - {"XSSAuditingEnabled":false,"javascriptCanCloseWindows":true,"javascriptCanOpenWindows":true,"javascriptEnabled":true,"loadImages":true,"localToRemoteUrlAccessEnabled":false,"userAgent":"Mozilla/5.0 (Macintosh; Intel Mac OS X) AppleWebKit/534.34 (KHTML, like Gecko) PhantomJS/1.9.8 Safari/534.34","webSecurityEnabled":true}
[INFO  - 2015-01-07T10:35:11.485Z] Session [dbad65a0-9658-11e4-a334-3db215733667] - page.customHeaders:  - {}
[INFO  - 2015-01-07T10:35:11.485Z] Session [dbad65a0-9658-11e4-a334-3db215733667] - Session.negotiatedCapabilities - {"browserName":"phantomjs","version":"1.9.8","driverName":"ghostdriver","driverVersion":"1.1.0","platform":"mac-10.9 (Mavericks)-32bit","javascriptEnabled":true,"takesScreenshot":true,"handlesAlerts":false,"databaseEnabled":false,"locationContextEnabled":false,"applicationCacheEnabled":false,"browserConnectionEnabled":false,"cssSelectorsEnabled":true,"webStorageEnabled":false,"rotatable":false,"acceptSslCerts":false,"nativeEvents":true,"proxy":{"proxyType":"direct"}}
[INFO  - 2015-01-07T10:35:11.485Z] SessionManagerReqHand - _postNewSessionCommand - New Session Created: dbad65a0-9658-11e4-a334-3db215733667
[INFO  - 2015-01-07T10:48:43.667Z] GhostDriver - Main - running on port 14396
[INFO  - 2015-01-07T10:48:43.852Z] Session [bfe2c390-965a-11e4-a4f5-69dbaec62cbd] - page.settings - {"XSSAuditingEnabled":false,"javascriptCanCloseWindows":true,"javascriptCanOpenWindows":true,"javascriptEnabled":true,"loadImages":true,"localToRemoteUrlAccessEnabled":false,"userAgent":"Mozilla/5.0 (Macintosh; Intel Mac OS X) AppleWebKit/534.34 (KHTML, like Gecko) PhantomJS/1.9.8 Safari/534.34","webSecurityEnabled":true}
[INFO  - 2015-01-07T10:48:43.852Z] Session [bfe2c390-965a-11e4-a4f5-69dbaec62cbd] - page.customHeaders:  - {}
[INFO  - 2015-01-07T10:48:43.852Z] Session [bfe2c390-965a-11e4-a4f5-69dbaec62cbd] - Session.negotiatedCapabilities - {"browserName":"phantomjs","version":"1.9.8","driverName":"ghostdriver","driverVersion":"1.1.0","platform":"mac-10.9 (Mavericks)-32bit","javascriptEnabled":true,"takesScreenshot":true,"handlesAlerts":false,"databaseEnabled":false,"locationContextEnabled":false,"applicationCacheEnabled":false,"browserConnectionEnabled":false,"cssSelectorsEnabled":true,"webStorageEnabled":false,"rotatable":false,"acceptSslCerts":false,"nativeEvents":true,"proxy":{"proxyType":"direct"}}
[INFO  - 2015-01-07T10:48:43.852Z] SessionManagerReqHand - _postNewSessionCommand - New Session Created: bfe2c390-965a-11e4-a4f5-69dbaec62cbd
[INFO  - 2015-01-07T10:48:46.069Z] ShutdownReqHand - _handle - About to shutdown
[INFO  - 2015-01-07T10:50:19.135Z] GhostDriver - Main - running on port 29330
[INFO  - 2015-01-07T10:50:19.348Z] Session [f8ce4c10-965a-11e4-9ed1-a51805089da7] - page.settings - {"XSSAuditingEnabled":false,"javascriptCanCloseWindows":true,"javascriptCanOpenWindows":true,"javascriptEnabled":true,"loadImages":true,"localToRemoteUrlAccessEnabled":false,"userAgent":"Mozilla/5.0 (Macintosh; Intel Mac OS X) AppleWebKit/534.34 (KHTML, like Gecko) PhantomJS/1.9.8 Safari/534.34","webSecurityEnabled":true}
[INFO  - 2015-01-07T10:50:19.348Z] Session [f8ce4c10-965a-11e4-9ed1-a51805089da7] - page.customHeaders:  - {}
[INFO  - 2015-01-07T10:50:19.348Z] Session [f8ce4c10-965a-11e4-9ed1-a51805089da7] - Session.negotiatedCapabilities - {"browserName":"phantomjs","version":"1.9.8","driverName":"ghostdriver","driverVersion":"1.1.0","platform":"mac-10.9 (Mavericks)-32bit","javascriptEnabled":true,"takesScreenshot":true,"handlesAlerts":false,"databaseEnabled":false,"locationContextEnabled":false,"applicationCacheEnabled":false,"browserConnectionEnabled":false,"cssSelectorsEnabled":true,"webStorageEnabled":false,"rotatable":false,"acceptSslCerts":false,"nativeEvents":true,"proxy":{"proxyType":"direct"}}
[INFO  - 2015-01-07T10:50:19.348Z] SessionManagerReqHand - _postNewSessionCommand - New Session Created: f8ce4c10-965a-11e4-9ed1-a51805089da7
[INFO  - 2015-01-07T10:50:21.639Z] ShutdownReqHand - _handle - About to shutdown
[INFO  - 2015-01-07T10:55:30.286Z] GhostDriver - Main - running on port 43044
[INFO  - 2015-01-07T10:55:30.359Z] Session [b22ecf40-965b-11e4-bee2-6d12e8ab3027] - page.settings - {"XSSAuditingEnabled":false,"javascriptCanCloseWindows":true,"javascriptCanOpenWindows":true,"javascriptEnabled":true,"loadImages":true,"localToRemoteUrlAccessEnabled":false,"userAgent":"Mozilla/5.0 (Macintosh; Intel Mac OS X) AppleWebKit/534.34 (KHTML, like Gecko) PhantomJS/1.9.8 Safari/534.34","webSecurityEnabled":true}
[INFO  - 2015-01-07T10:55:30.359Z] Session [b22ecf40-965b-11e4-bee2-6d12e8ab3027] - page.customHeaders:  - {}
[INFO  - 2015-01-07T10:55:30.359Z] Session [b22ecf40-965b-11e4-bee2-6d12e8ab3027] - Session.negotiatedCapabilities - {"browserName":"phantomjs","version":"1.9.8","driverName":"ghostdriver","driverVersion":"1.1.0","platform":"mac-10.9 (Mavericks)-32bit","javascriptEnabled":true,"takesScreenshot":true,"handlesAlerts":false,"databaseEnabled":false,"locationContextEnabled":false,"applicationCacheEnabled":false,"browserConnectionEnabled":false,"cssSelectorsEnabled":true,"webStorageEnabled":false,"rotatable":false,"acceptSslCerts":false,"nativeEvents":true,"proxy":{"proxyType":"direct"}}
[INFO  - 2015-01-07T10:55:30.359Z] SessionManagerReqHand - _postNewSessionCommand - New Session Created: b22ecf40-965b-11e4-bee2-6d12e8ab3027
[INFO  - 2015-01-07T10:55:32.687Z] ShutdownReqHand - _handle - About to shutdown
